C:\xampp\htdocs\kknuc\.htaccess
C:\xampp\htdocs\kknuc\composer.json
C:\xampp\htdocs\kknuc\controllers\AnnouncementController.php
C:\xampp\htdocs\kknuc\controllers\ApiController.php
C:\xampp\htdocs\kknuc\controllers\BreadcrumblinksaddspController.php
C:\xampp\htdocs\kknuc\controllers\BreadcrumblinkscheckspController.php
C:\xampp\htdocs\kknuc\controllers\BreadcrumblinksdeletespController.php
C:\xampp\htdocs\kknuc\controllers\BreadcrumblinksmovespController.php
C:\xampp\htdocs\kknuc\controllers\ControllerBase.php
C:\xampp\htdocs\kknuc\controllers\HelpCategoriesController.php
C:\xampp\htdocs\kknuc\controllers\HelpController.php
C:\xampp\htdocs\kknuc\controllers\HomeController.php
C:\xampp\htdocs\kknuc\controllers\InstansiController.php
C:\xampp\htdocs\kknuc\controllers\KegiatanController.php
C:\xampp\htdocs\kknuc\controllers\LanguagesController.php
C:\xampp\htdocs\kknuc\controllers\LaporanAkhirController.php
C:\xampp\htdocs\kknuc\controllers\LoadaboutusController.php
C:\xampp\htdocs\kknuc\controllers\LoadhelponlineController.php
C:\xampp\htdocs\kknuc\controllers\LoadtermsconditionsController.php
C:\xampp\htdocs\kknuc\controllers\LogbookController.php
C:\xampp\htdocs\kknuc\controllers\MahasiswaController.php
C:\xampp\htdocs\kknuc\controllers\OthersController.php
C:\xampp\htdocs\kknuc\controllers\PendaftaranController.php
C:\xampp\htdocs\kknuc\controllers\PenempatanController.php
C:\xampp\htdocs\kknuc\controllers\PrinttermsconditionsController.php
C:\xampp\htdocs\kknuc\controllers\SettingsController.php
C:\xampp\htdocs\kknuc\controllers\TheuserprofileController.php
C:\xampp\htdocs\kknuc\controllers\UserlevelpermissionsController.php
C:\xampp\htdocs\kknuc\controllers\UserlevelsController.php
C:\xampp\htdocs\kknuc\controllers\UsersController.php
C:\xampp\htdocs\kknuc\css\ewpdf.scss
C:\xampp\htdocs\kknuc\css\jquery.overlayScrollbars.css
C:\xampp\htdocs\kknuc\css\kkndanpkl.scss
C:\xampp\htdocs\kknuc\css\query-builder.scss
C:\xampp\htdocs\kknuc\css\tabulator_bootstrap5.scss
C:\xampp\htdocs\kknuc\css\tempus-dominus.scss
C:\xampp\htdocs\kknuc\files\index.html
C:\xampp\htdocs\kknuc\index.php
C:\xampp\htdocs\kknuc\jquery\jquery.inputmask.js
C:\xampp\htdocs\kknuc\jquery\jquery.inputmask.min.js
C:\xampp\htdocs\kknuc\jquery\jquery.jtable.js
C:\xampp\htdocs\kknuc\jquery\jquery.jtable.min.js
C:\xampp\htdocs\kknuc\jquery\jquery.overlayScrollbars.js
C:\xampp\htdocs\kknuc\jquery\jquery.overlayScrollbars.min.js
C:\xampp\htdocs\kknuc\jquery\msjqueryinputmask.js
C:\xampp\htdocs\kknuc\js\eweditor.js
C:\xampp\htdocs\kknuc\js\ewfixedheadertable.js
C:\xampp\htdocs\kknuc\js\masinoew.js
C:\xampp\htdocs\kknuc\js\masinoewcore.js
C:\xampp\htdocs\kknuc\js\userevent.js
C:\xampp\htdocs\kknuc\js\userfn.js
C:\xampp\htdocs\kknuc\js\userprivmod.js
C:\xampp\htdocs\kknuc\js\userprivori.js
C:\xampp\htdocs\kknuc\log\index.html
C:\xampp\htdocs\kknuc\models\Announcement.php
C:\xampp\htdocs\kknuc\models\AnnouncementAdd.php
C:\xampp\htdocs\kknuc\models\AnnouncementDelete.php
C:\xampp\htdocs\kknuc\models\AnnouncementEdit.php
C:\xampp\htdocs\kknuc\models\AnnouncementList.php
C:\xampp\htdocs\kknuc\models\AnnouncementView.php
C:\xampp\htdocs\kknuc\models\Breadcrumblinksaddsp.php
C:\xampp\htdocs\kknuc\models\Breadcrumblinkschecksp.php
C:\xampp\htdocs\kknuc\models\Breadcrumblinksdeletesp.php
C:\xampp\htdocs\kknuc\models\Breadcrumblinksmovesp.php
C:\xampp\htdocs\kknuc\models\Captcha.php
C:\xampp\htdocs\kknuc\models\ChangePassword.php
C:\xampp\htdocs\kknuc\models\Help.php
C:\xampp\htdocs\kknuc\models\HelpAdd.php
C:\xampp\htdocs\kknuc\models\HelpCategories.php
C:\xampp\htdocs\kknuc\models\HelpCategoriesAdd.php
C:\xampp\htdocs\kknuc\models\HelpCategoriesDelete.php
C:\xampp\htdocs\kknuc\models\HelpCategoriesEdit.php
C:\xampp\htdocs\kknuc\models\HelpCategoriesList.php
C:\xampp\htdocs\kknuc\models\HelpCategoriesView.php
C:\xampp\htdocs\kknuc\models\HelpDelete.php
C:\xampp\htdocs\kknuc\models\HelpEdit.php
C:\xampp\htdocs\kknuc\models\HelpGrid.php
C:\xampp\htdocs\kknuc\models\HelpList.php
C:\xampp\htdocs\kknuc\models\HelpPreview.php
C:\xampp\htdocs\kknuc\models\HelpView.php
C:\xampp\htdocs\kknuc\models\Home.php
C:\xampp\htdocs\kknuc\models\Instansi.php
C:\xampp\htdocs\kknuc\models\InstansiAdd.php
C:\xampp\htdocs\kknuc\models\InstansiDelete.php
C:\xampp\htdocs\kknuc\models\InstansiEdit.php
C:\xampp\htdocs\kknuc\models\InstansiList.php
C:\xampp\htdocs\kknuc\models\InstansiView.php
C:\xampp\htdocs\kknuc\models\Kegiatan.php
C:\xampp\htdocs\kknuc\models\KegiatanAdd.php
C:\xampp\htdocs\kknuc\models\KegiatanDelete.php
C:\xampp\htdocs\kknuc\models\KegiatanEdit.php
C:\xampp\htdocs\kknuc\models\KegiatanList.php
C:\xampp\htdocs\kknuc\models\KegiatanView.php
C:\xampp\htdocs\kknuc\models\Languages.php
C:\xampp\htdocs\kknuc\models\LanguagesAdd.php
C:\xampp\htdocs\kknuc\models\LanguagesDelete.php
C:\xampp\htdocs\kknuc\models\LanguagesEdit.php
C:\xampp\htdocs\kknuc\models\LanguagesList.php
C:\xampp\htdocs\kknuc\models\LanguagesView.php
C:\xampp\htdocs\kknuc\models\LaporanAkhir.php
C:\xampp\htdocs\kknuc\models\LaporanAkhirAdd.php
C:\xampp\htdocs\kknuc\models\LaporanAkhirDelete.php
C:\xampp\htdocs\kknuc\models\LaporanAkhirEdit.php
C:\xampp\htdocs\kknuc\models\LaporanAkhirList.php
C:\xampp\htdocs\kknuc\models\LaporanAkhirView.php
C:\xampp\htdocs\kknuc\models\Loadaboutus.php
C:\xampp\htdocs\kknuc\models\Loadhelponline.php
C:\xampp\htdocs\kknuc\models\Loadtermsconditions.php
C:\xampp\htdocs\kknuc\models\Logbook.php
C:\xampp\htdocs\kknuc\models\LogbookAdd.php
C:\xampp\htdocs\kknuc\models\LogbookDelete.php
C:\xampp\htdocs\kknuc\models\LogbookEdit.php
C:\xampp\htdocs\kknuc\models\LogbookList.php
C:\xampp\htdocs\kknuc\models\LogbookView.php
C:\xampp\htdocs\kknuc\models\Login.php
C:\xampp\htdocs\kknuc\models\Mahasiswa.php
C:\xampp\htdocs\kknuc\models\MahasiswaAdd.php
C:\xampp\htdocs\kknuc\models\MahasiswaDelete.php
C:\xampp\htdocs\kknuc\models\MahasiswaEdit.php
C:\xampp\htdocs\kknuc\models\MahasiswaList.php
C:\xampp\htdocs\kknuc\models\MahasiswaView.php
C:\xampp\htdocs\kknuc\models\Pendaftaran.php
C:\xampp\htdocs\kknuc\models\PendaftaranAdd.php
C:\xampp\htdocs\kknuc\models\PendaftaranDelete.php
C:\xampp\htdocs\kknuc\models\PendaftaranEdit.php
C:\xampp\htdocs\kknuc\models\PendaftaranList.php
C:\xampp\htdocs\kknuc\models\PendaftaranView.php
C:\xampp\htdocs\kknuc\models\Penempatan.php
C:\xampp\htdocs\kknuc\models\PenempatanAdd.php
C:\xampp\htdocs\kknuc\models\PenempatanDelete.php
C:\xampp\htdocs\kknuc\models\PenempatanEdit.php
C:\xampp\htdocs\kknuc\models\PenempatanList.php
C:\xampp\htdocs\kknuc\models\PenempatanView.php
C:\xampp\htdocs\kknuc\models\PersonalData.php
C:\xampp\htdocs\kknuc\models\Printtermsconditions.php
C:\xampp\htdocs\kknuc\models\ResetPassword.php
C:\xampp\htdocs\kknuc\models\Settings.php
C:\xampp\htdocs\kknuc\models\SettingsAdd.php
C:\xampp\htdocs\kknuc\models\SettingsDelete.php
C:\xampp\htdocs\kknuc\models\SettingsEdit.php
C:\xampp\htdocs\kknuc\models\SettingsList.php
C:\xampp\htdocs\kknuc\models\SettingsView.php
C:\xampp\htdocs\kknuc\models\StatsMonth.php
C:\xampp\htdocs\kknuc\models\Theuserprofile.php
C:\xampp\htdocs\kknuc\models\TheuserprofileAdd.php
C:\xampp\htdocs\kknuc\models\TheuserprofileDelete.php
C:\xampp\htdocs\kknuc\models\TheuserprofileEdit.php
C:\xampp\htdocs\kknuc\models\TheuserprofileList.php
C:\xampp\htdocs\kknuc\models\TheuserprofileSearch.php
C:\xampp\htdocs\kknuc\models\TheuserprofileView.php
C:\xampp\htdocs\kknuc\models\Userlevelpermissions.php
C:\xampp\htdocs\kknuc\models\UserlevelpermissionsAdd.php
C:\xampp\htdocs\kknuc\models\UserlevelpermissionsDelete.php
C:\xampp\htdocs\kknuc\models\UserlevelpermissionsEdit.php
C:\xampp\htdocs\kknuc\models\UserlevelpermissionsList.php
C:\xampp\htdocs\kknuc\models\UserlevelpermissionsView.php
C:\xampp\htdocs\kknuc\models\Userlevels.php
C:\xampp\htdocs\kknuc\models\UserlevelsAdd.php
C:\xampp\htdocs\kknuc\models\UserlevelsDelete.php
C:\xampp\htdocs\kknuc\models\UserlevelsEdit.php
C:\xampp\htdocs\kknuc\models\UserlevelsList.php
C:\xampp\htdocs\kknuc\models\UserlevelsView.php
C:\xampp\htdocs\kknuc\models\Userpriv.php
C:\xampp\htdocs\kknuc\models\Users.php
C:\xampp\htdocs\kknuc\models\UsersAdd.php
C:\xampp\htdocs\kknuc\models\UsersDelete.php
C:\xampp\htdocs\kknuc\models\UsersEdit.php
C:\xampp\htdocs\kknuc\models\UsersGrid.php
C:\xampp\htdocs\kknuc\models\UsersList.php
C:\xampp\htdocs\kknuc\models\UsersPreview.php
C:\xampp\htdocs\kknuc\models\UsersSearch.php
C:\xampp\htdocs\kknuc\models\UsersView.php
C:\xampp\htdocs\kknuc\package.json
C:\xampp\htdocs\kknuc\src\AbstractCheckCredentialsListener.php
C:\xampp\htdocs\kknuc\src\AbstractController.php
C:\xampp\htdocs\kknuc\src\AbstractEntity.php
C:\xampp\htdocs\kknuc\src\AbstractExport.php
C:\xampp\htdocs\kknuc\src\AbstractExportBase.php
C:\xampp\htdocs\kknuc\src\AbstractTwoFactorAuthentication.php
C:\xampp\htdocs\kknuc\src\AccessTokenExtractor.php
C:\xampp\htdocs\kknuc\src\AccessTokenHandler.php
C:\xampp\htdocs\kknuc\src\AccessTokenUser.php
C:\xampp\htdocs\kknuc\src\AccessTokenUserProvider.php
C:\xampp\htdocs\kknuc\src\ActionType.php
C:\xampp\htdocs\kknuc\src\AdvancedFilter.php
C:\xampp\htdocs\kknuc\src\AdvancedSearch.php
C:\xampp\htdocs\kknuc\src\AdvancedSecurity.php
C:\xampp\htdocs\kknuc\src\AdvancedUserInterface.php
C:\xampp\htdocs\kknuc\src\Allow.php
C:\xampp\htdocs\kknuc\src\ApiActionEvent.php
C:\xampp\htdocs\kknuc\src\ApiPermissionMiddleware.php
C:\xampp\htdocs\kknuc\src\AttributeRouteControllerLoader.php
C:\xampp\htdocs\kknuc\src\Attributes.php
C:\xampp\htdocs\kknuc\src\AuditTrailHandler.php
C:\xampp\htdocs\kknuc\src\AuthenticationEntryPoint.php
C:\xampp\htdocs\kknuc\src\AuthenticationEventSubscriber.php
C:\xampp\htdocs\kknuc\src\AuthenticationFailureHandler.php
C:\xampp\htdocs\kknuc\src\AuthenticationMiddleware.php
C:\xampp\htdocs\kknuc\src\AuthenticationSuccessHandler.php
C:\xampp\htdocs\kknuc\src\BasicSearch.php
C:\xampp\htdocs\kknuc\src\Breadcrumb.php
C:\xampp\htdocs\kknuc\src\BytesType.php
C:\xampp\htdocs\kknuc\src\CaptchaBase.php
C:\xampp\htdocs\kknuc\src\CaptchaInterface.php
C:\xampp\htdocs\kknuc\src\ChartExporter.php
C:\xampp\htdocs\kknuc\src\ChartJsRenderer.php
C:\xampp\htdocs\kknuc\src\ChartRendererInterface.php
C:\xampp\htdocs\kknuc\src\ChartTypes.php
C:\xampp\htdocs\kknuc\src\Cognito.php
C:\xampp\htdocs\kknuc\src\ConfigurationEvent.php
C:\xampp\htdocs\kknuc\src\ConnectionFactory.php
C:\xampp\htdocs\kknuc\src\ContainerBuildEvent.php
C:\xampp\htdocs\kknuc\src\ContainerBuiltEvent.php
C:\xampp\htdocs\kknuc\src\CrosstabColumn.php
C:\xampp\htdocs\kknuc\src\CrosstabTable.php
C:\xampp\htdocs\kknuc\src\CspMiddleware.php
C:\xampp\htdocs\kknuc\src\CsrfMiddleware.php
C:\xampp\htdocs\kknuc\src\CustomLdapUserProvider.php
C:\xampp\htdocs\kknuc\src\CustomUploadHandler.php
C:\xampp\htdocs\kknuc\src\DataType.php
C:\xampp\htdocs\kknuc\src\DatabaseConnectedEvent.php
C:\xampp\htdocs\kknuc\src\DatabaseConnectingEvent.php
C:\xampp\htdocs\kknuc\src\DbChart.php
C:\xampp\htdocs\kknuc\src\DbField.php
C:\xampp\htdocs\kknuc\src\DbFields.php
C:\xampp\htdocs\kknuc\src\DbTable.php
C:\xampp\htdocs\kknuc\src\DbTableBase.php
C:\xampp\htdocs\kknuc\src\DebugStack.php
C:\xampp\htdocs\kknuc\src\DoctrineCollector.php
C:\xampp\htdocs\kknuc\src\Email.php
C:\xampp\htdocs\kknuc\src\EmailTwoFactorAuthentication.php
C:\xampp\htdocs\kknuc\src\EntityDescriptor.php
C:\xampp\htdocs\kknuc\src\EntityManagerFactory.php
C:\xampp\htdocs\kknuc\src\EntityUserProvider.php
C:\xampp\htdocs\kknuc\src\Entity\Announcement.php
C:\xampp\htdocs\kknuc\src\Entity\Help.php
C:\xampp\htdocs\kknuc\src\Entity\HelpCategory.php
C:\xampp\htdocs\kknuc\src\Entity\Instansi.php
C:\xampp\htdocs\kknuc\src\Entity\Kegiatan.php
C:\xampp\htdocs\kknuc\src\Entity\Language.php
C:\xampp\htdocs\kknuc\src\Entity\LaporanAkhir.php
C:\xampp\htdocs\kknuc\src\Entity\Logbook.php
C:\xampp\htdocs\kknuc\src\Entity\Mahasiswa.php
C:\xampp\htdocs\kknuc\src\Entity\Pendaftaran.php
C:\xampp\htdocs\kknuc\src\Entity\Penempatan.php
C:\xampp\htdocs\kknuc\src\Entity\Setting.php
C:\xampp\htdocs\kknuc\src\Entity\StatsMonth.php
C:\xampp\htdocs\kknuc\src\Entity\Theuserprofile.php
C:\xampp\htdocs\kknuc\src\Entity\User.php
C:\xampp\htdocs\kknuc\src\Entity\Userlevel.php
C:\xampp\htdocs\kknuc\src\Entity\Userlevelpermission.php
C:\xampp\htdocs\kknuc\src\ExportCsv.php
C:\xampp\htdocs\kknuc\src\ExportEmail.php
C:\xampp\htdocs\kknuc\src\ExportExcel.php
C:\xampp\htdocs\kknuc\src\ExportHandler.php
C:\xampp\htdocs\kknuc\src\ExportHtml.php
C:\xampp\htdocs\kknuc\src\ExportJson.php
C:\xampp\htdocs\kknuc\src\ExportPdf.php
C:\xampp\htdocs\kknuc\src\ExportPdfMasino.php
C:\xampp\htdocs\kknuc\src\ExportPrint.php
C:\xampp\htdocs\kknuc\src\ExportWord.php
C:\xampp\htdocs\kknuc\src\ExportXml.php
C:\xampp\htdocs\kknuc\src\FileUploadHandler.php
C:\xampp\htdocs\kknuc\src\FileViewer.php
C:\xampp\htdocs\kknuc\src\FirewallRequestMatcher.php
C:\xampp\htdocs\kknuc\src\ForceLogoutUserAction.php
C:\xampp\htdocs\kknuc\src\FormLogin1faAuthenticator.php
C:\xampp\htdocs\kknuc\src\FormLogin2faAuthenticator.php
C:\xampp\htdocs\kknuc\src\FormTrait.php
C:\xampp\htdocs\kknuc\src\GeographyType.php
C:\xampp\htdocs\kknuc\src\GeometryType.php
C:\xampp\htdocs\kknuc\src\HierarchyIdType.php
C:\xampp\htdocs\kknuc\src\HttpErrorHandler.php
C:\xampp\htdocs\kknuc\src\HttpFoundationFactory.php
C:\xampp\htdocs\kknuc\src\HttpKernel.php
C:\xampp\htdocs\kknuc\src\HttpServiceUnavailableException.php
C:\xampp\htdocs\kknuc\src\HttpUpload.php
C:\xampp\htdocs\kknuc\src\HybridauthSessionStorage.php
C:\xampp\htdocs\kknuc\src\JavascriptRenderer.php
C:\xampp\htdocs\kknuc\src\JwtMiddleware.php
C:\xampp\htdocs\kknuc\src\Language.php
C:\xampp\htdocs\kknuc\src\LanguageLoadEvent.php
C:\xampp\htdocs\kknuc\src\LegacyPasswordHasher.php
C:\xampp\htdocs\kknuc\src\ListAction.php
C:\xampp\htdocs\kknuc\src\ListActions.php
C:\xampp\htdocs\kknuc\src\ListOption.php
C:\xampp\htdocs\kknuc\src\ListOptions.php
C:\xampp\htdocs\kknuc\src\ListOptionsCollection.php
C:\xampp\htdocs\kknuc\src\LoginRateLimiter.php
C:\xampp\htdocs\kknuc\src\LoginStatusEvent.php
C:\xampp\htdocs\kknuc\src\LogoutSubscriber.php
C:\xampp\htdocs\kknuc\src\Lookup.php
C:\xampp\htdocs\kknuc\src\LookupTableInterface.php
C:\xampp\htdocs\kknuc\src\MaintenanceMiddleware.php
C:\xampp\htdocs\kknuc\src\Menu.php
C:\xampp\htdocs\kknuc\src\MenuItem.php
C:\xampp\htdocs\kknuc\src\MenuItemAddingEvent.php
C:\xampp\htdocs\kknuc\src\MenuRenderedEvent.php
C:\xampp\htdocs\kknuc\src\MenuRenderingEvent.php
C:\xampp\htdocs\kknuc\src\MessagesTrait.php
C:\xampp\htdocs\kknuc\src\MicrosoftEntraID.php
C:\xampp\htdocs\kknuc\src\NumericPager.php
C:\xampp\htdocs\kknuc\src\OptionValues.php
C:\xampp\htdocs\kknuc\src\PageLoadingEvent.php
C:\xampp\htdocs\kknuc\src\PageRenderingEvent.php
C:\xampp\htdocs\kknuc\src\PageUnloadedEvent.php
C:\xampp\htdocs\kknuc\src\Pager.php
C:\xampp\htdocs\kknuc\src\PagerItem.php
C:\xampp\htdocs\kknuc\src\PasswordHash.php
C:\xampp\htdocs\kknuc\src\PermissionMiddleware.php
C:\xampp\htdocs\kknuc\src\PhpCaptcha.php
C:\xampp\htdocs\kknuc\src\PhpDebugBar.php
C:\xampp\htdocs\kknuc\src\PhpDebugBarMiddleware.php
C:\xampp\htdocs\kknuc\src\PhpEncryption.php
C:\xampp\htdocs\kknuc\src\PhpHttpDriver.php
C:\xampp\htdocs\kknuc\src\PhpMailerTransport.php
C:\xampp\htdocs\kknuc\src\PhpMailerTransportFactory.php
C:\xampp\htdocs\kknuc\src\PragmaRxTwoFactorAuthentication.php
C:\xampp\htdocs\kknuc\src\PrevNextPager.php
C:\xampp\htdocs\kknuc\src\ProfileStorage.php
C:\xampp\htdocs\kknuc\src\PushNotification.php
C:\xampp\htdocs\kknuc\src\RememberMeTokenProvider.php
C:\xampp\htdocs\kknuc\src\ReportField.php
C:\xampp\htdocs\kknuc\src\ReportTable.php
C:\xampp\htdocs\kknuc\src\RequestDataCollector.php
C:\xampp\htdocs\kknuc\src\RequestResponseStrategy.php
C:\xampp\htdocs\kknuc\src\ResendRegisterEmailAction.php
C:\xampp\htdocs\kknuc\src\ResetConcurrentUserAction.php
C:\xampp\htdocs\kknuc\src\ResetLoginRetryAction.php
C:\xampp\htdocs\kknuc\src\ResetUserSecretAction.php
C:\xampp\htdocs\kknuc\src\RouteActionEvent.php
C:\xampp\htdocs\kknuc\src\RouteAttributes.php
C:\xampp\htdocs\kknuc\src\RowSummary.php
C:\xampp\htdocs\kknuc\src\RowTotal.php
C:\xampp\htdocs\kknuc\src\RowType.php
C:\xampp\htdocs\kknuc\src\Saml2.php
C:\xampp\htdocs\kknuc\src\SecurityContainerCompiledEvent.php
C:\xampp\htdocs\kknuc\src\SecurityContainerCompilingEvent.php
C:\xampp\htdocs\kknuc\src\SecurityContainerFactory.php
C:\xampp\htdocs\kknuc\src\SecurityServiceLocator.php
C:\xampp\htdocs\kknuc\src\SendLoginLinkAction.php
C:\xampp\htdocs\kknuc\src\SendOneTimePasswordInterface.php
C:\xampp\htdocs\kknuc\src\ServicesConfigurationEvent.php
C:\xampp\htdocs\kknuc\src\SessionHandler.php
C:\xampp\htdocs\kknuc\src\SessionMiddleware.php
C:\xampp\htdocs\kknuc\src\SetPasswordExpiredAction.php
C:\xampp\htdocs\kknuc\src\SmsTwoFactorAuthentication.php
C:\xampp\htdocs\kknuc\src\SsoStateSessionStore.php
C:\xampp\htdocs\kknuc\src\SubPage.php
C:\xampp\htdocs\kknuc\src\SubPages.php
C:\xampp\htdocs\kknuc\src\SummaryField.php
C:\xampp\htdocs\kknuc\src\SwitchUserAction.php
C:\xampp\htdocs\kknuc\src\SwitchUserVoter.php
C:\xampp\htdocs\kknuc\src\SymfonyMailCollector.php
C:\xampp\htdocs\kknuc\src\TwoFactorAuthenticatedToken.php
C:\xampp\htdocs\kknuc\src\TwoFactorAuthenticatingToken.php
C:\xampp\htdocs\kknuc\src\TwoFactorAuthenticationInterface.php
C:\xampp\htdocs\kknuc\src\UploadHandler.php
C:\xampp\htdocs\kknuc\src\UrlGenerator.php
C:\xampp\htdocs\kknuc\src\UserActivatedException.php
C:\xampp\htdocs\kknuc\src\UserChecker.php
C:\xampp\htdocs\kknuc\src\UserProfile.php
C:\xampp\htdocs\kknuc\src\UserRepository.php
C:\xampp\htdocs\kknuc\src\WindowsUser.php
C:\xampp\htdocs\kknuc\src\WindowsUserProvider.php
C:\xampp\htdocs\kknuc\src\XmlDocument.php
C:\xampp\htdocs\kknuc\src\apiroutes.php
C:\xampp\htdocs\kknuc\src\config.development.php
C:\xampp\htdocs\kknuc\src\config.php
C:\xampp\htdocs\kknuc\src\config.production.php
C:\xampp\htdocs\kknuc\src\config.security.php
C:\xampp\htdocs\kknuc\src\constants.php
C:\xampp\htdocs\kknuc\src\definitions.php
C:\xampp\htdocs\kknuc\src\lock.php
C:\xampp\htdocs\kknuc\src\phpfn.php
C:\xampp\htdocs\kknuc\src\routes.php
C:\xampp\htdocs\kknuc\src\security.php
C:\xampp\htdocs\kknuc\src\services.php
C:\xampp\htdocs\kknuc\src\userfn.php
C:\xampp\htdocs\kknuc\src\userlevelsettings.php
C:\xampp\htdocs\kknuc\views\AnnouncementAdd.php
C:\xampp\htdocs\kknuc\views\AnnouncementDelete.php
C:\xampp\htdocs\kknuc\views\AnnouncementEdit.php
C:\xampp\htdocs\kknuc\views\AnnouncementList.php
C:\xampp\htdocs\kknuc\views\AnnouncementView.php
C:\xampp\htdocs\kknuc\views\Breadcrumblinksaddsp.php
C:\xampp\htdocs\kknuc\views\Breadcrumblinkschecksp.php
C:\xampp\htdocs\kknuc\views\Breadcrumblinksdeletesp.php
C:\xampp\htdocs\kknuc\views\Breadcrumblinksmovesp.php
C:\xampp\htdocs\kknuc\views\ChangePassword.php
C:\xampp\htdocs\kknuc\views\Error.php
C:\xampp\htdocs\kknuc\views\HelpAdd.php
C:\xampp\htdocs\kknuc\views\HelpCategoriesAdd.php
C:\xampp\htdocs\kknuc\views\HelpCategoriesDelete.php
C:\xampp\htdocs\kknuc\views\HelpCategoriesEdit.php
C:\xampp\htdocs\kknuc\views\HelpCategoriesList.php
C:\xampp\htdocs\kknuc\views\HelpCategoriesMaster.php
C:\xampp\htdocs\kknuc\views\HelpCategoriesView.php
C:\xampp\htdocs\kknuc\views\HelpDelete.php
C:\xampp\htdocs\kknuc\views\HelpEdit.php
C:\xampp\htdocs\kknuc\views\HelpGrid.php
C:\xampp\htdocs\kknuc\views\HelpList.php
C:\xampp\htdocs\kknuc\views\HelpPreview.php
C:\xampp\htdocs\kknuc\views\HelpView.php
C:\xampp\htdocs\kknuc\views\Home.php
C:\xampp\htdocs\kknuc\views\InstansiAdd.php
C:\xampp\htdocs\kknuc\views\InstansiDelete.php
C:\xampp\htdocs\kknuc\views\InstansiEdit.php
C:\xampp\htdocs\kknuc\views\InstansiList.php
C:\xampp\htdocs\kknuc\views\InstansiView.php
C:\xampp\htdocs\kknuc\views\KegiatanAdd.php
C:\xampp\htdocs\kknuc\views\KegiatanDelete.php
C:\xampp\htdocs\kknuc\views\KegiatanEdit.php
C:\xampp\htdocs\kknuc\views\KegiatanList.php
C:\xampp\htdocs\kknuc\views\KegiatanView.php
C:\xampp\htdocs\kknuc\views\LanguagesAdd.php
C:\xampp\htdocs\kknuc\views\LanguagesDelete.php
C:\xampp\htdocs\kknuc\views\LanguagesEdit.php
C:\xampp\htdocs\kknuc\views\LanguagesList.php
C:\xampp\htdocs\kknuc\views\LanguagesView.php
C:\xampp\htdocs\kknuc\views\LaporanAkhirAdd.php
C:\xampp\htdocs\kknuc\views\LaporanAkhirDelete.php
C:\xampp\htdocs\kknuc\views\LaporanAkhirEdit.php
C:\xampp\htdocs\kknuc\views\LaporanAkhirList.php
C:\xampp\htdocs\kknuc\views\LaporanAkhirView.php
C:\xampp\htdocs\kknuc\views\Loadaboutus.php
C:\xampp\htdocs\kknuc\views\Loadhelponline.php
C:\xampp\htdocs\kknuc\views\Loadtermsconditions.php
C:\xampp\htdocs\kknuc\views\LogbookAdd.php
C:\xampp\htdocs\kknuc\views\LogbookDelete.php
C:\xampp\htdocs\kknuc\views\LogbookEdit.php
C:\xampp\htdocs\kknuc\views\LogbookList.php
C:\xampp\htdocs\kknuc\views\LogbookView.php
C:\xampp\htdocs\kknuc\views\Login.php
C:\xampp\htdocs\kknuc\views\MahasiswaAdd.php
C:\xampp\htdocs\kknuc\views\MahasiswaDelete.php
C:\xampp\htdocs\kknuc\views\MahasiswaEdit.php
C:\xampp\htdocs\kknuc\views\MahasiswaList.php
C:\xampp\htdocs\kknuc\views\MahasiswaView.php
C:\xampp\htdocs\kknuc\views\PendaftaranAdd.php
C:\xampp\htdocs\kknuc\views\PendaftaranDelete.php
C:\xampp\htdocs\kknuc\views\PendaftaranEdit.php
C:\xampp\htdocs\kknuc\views\PendaftaranList.php
C:\xampp\htdocs\kknuc\views\PendaftaranView.php
C:\xampp\htdocs\kknuc\views\PenempatanAdd.php
C:\xampp\htdocs\kknuc\views\PenempatanDelete.php
C:\xampp\htdocs\kknuc\views\PenempatanEdit.php
C:\xampp\htdocs\kknuc\views\PenempatanList.php
C:\xampp\htdocs\kknuc\views\PenempatanView.php
C:\xampp\htdocs\kknuc\views\PersonalData.php
C:\xampp\htdocs\kknuc\views\Printtermsconditions.php
C:\xampp\htdocs\kknuc\views\ResetPassword.php
C:\xampp\htdocs\kknuc\views\SettingsAdd.php
C:\xampp\htdocs\kknuc\views\SettingsDelete.php
C:\xampp\htdocs\kknuc\views\SettingsEdit.php
C:\xampp\htdocs\kknuc\views\SettingsList.php
C:\xampp\htdocs\kknuc\views\SettingsView.php
C:\xampp\htdocs\kknuc\views\TheuserprofileAdd.php
C:\xampp\htdocs\kknuc\views\TheuserprofileDelete.php
C:\xampp\htdocs\kknuc\views\TheuserprofileEdit.php
C:\xampp\htdocs\kknuc\views\TheuserprofileList.php
C:\xampp\htdocs\kknuc\views\TheuserprofileSearch.php
C:\xampp\htdocs\kknuc\views\TheuserprofileView.php
C:\xampp\htdocs\kknuc\views\UserlevelpermissionsAdd.php
C:\xampp\htdocs\kknuc\views\UserlevelpermissionsDelete.php
C:\xampp\htdocs\kknuc\views\UserlevelpermissionsEdit.php
C:\xampp\htdocs\kknuc\views\UserlevelpermissionsList.php
C:\xampp\htdocs\kknuc\views\UserlevelpermissionsView.php
C:\xampp\htdocs\kknuc\views\UserlevelsAdd.php
C:\xampp\htdocs\kknuc\views\UserlevelsDelete.php
C:\xampp\htdocs\kknuc\views\UserlevelsEdit.php
C:\xampp\htdocs\kknuc\views\UserlevelsList.php
C:\xampp\htdocs\kknuc\views\UserlevelsMaster.php
C:\xampp\htdocs\kknuc\views\UserlevelsView.php
C:\xampp\htdocs\kknuc\views\Userpriv.php
C:\xampp\htdocs\kknuc\views\UsersAdd.php
C:\xampp\htdocs\kknuc\views\UsersDelete.php
C:\xampp\htdocs\kknuc\views\UsersEdit.php
C:\xampp\htdocs\kknuc\views\UsersGrid.php
C:\xampp\htdocs\kknuc\views\UsersList.php
C:\xampp\htdocs\kknuc\views\UsersPreview.php
C:\xampp\htdocs\kknuc\views\UsersSearch.php
C:\xampp\htdocs\kknuc\views\UsersView.php
C:\xampp\htdocs\kknuc\views\email.php
C:\xampp\htdocs\kknuc\views\layout.php
C:\xampp\htdocs\kknuc\views\menu.php
C:\xampp\htdocs\kknuc\views\swagger.php
C:\xampp\htdocs\kknuc\web.config